<?xml version="1.0" encoding="UTF-8"?>
<!-- Generated by org.testng.reporters.JUnitReportReporter -->
<testsuite hostname="DESKTOP-T6KLQOF" failures="0" tests="1" name="mar13.ValidationMethods" time="11.959" errors="0" timestamp="2024-04-04T08:51:03 IST" skipped="0">
  <testcase classname="mar13.ValidationMethods" name="StartTest" time="11.959"/>
  <system-out>
    <![CDATA[Amazon.com. Spend less. Smile more.
page length::35
https://www.amazon.com/
Domain name::23]]>
  </system-out>
</testsuite> <!-- mar13.ValidationMethods -->
