<?xml version="1.0" encoding="UTF-8"?>
<!-- Generated by org.testng.reporters.JUnitReportReporter -->
<testsuite hostname="DESKTOP-T6KLQOF" failures="0" tests="1" name="mar13.GetCommands" time="11.128" errors="0" timestamp="2024-04-04T08:51:03 IST" skipped="0">
  <testcase classname="mar13.GetCommands" name="startTest" time="11.128"/>
  <system-out>
    <![CDATA[Gmail
https://mail.google.com/mail/&ogbl]]>
  </system-out>
</testsuite> <!-- mar13.GetCommands -->
