<?xml version="1.0" encoding="UTF-8"?>
<!-- Generated by org.testng.reporters.JUnitReportReporter -->
<testsuite hostname="DESKTOP-T6KLQOF" failures="0" tests="1" name="mar12.Login" time="23.149" errors="0" timestamp="2024-04-04T08:51:03 IST" skipped="0">
  <testcase classname="mar12.Login" name="loginTest" time="23.149"/>
  <system-out/>
</testsuite> <!-- mar12.Login -->
