<?xml version="1.0" encoding="UTF-8"?>
<!-- Generated by org.testng.reporters.JUnitReportReporter -->
<testsuite hostname="DESKTOP-T6KLQOF" failures="0" tests="1" name="mar13.ValidateUrl" time="9.995" errors="0" timestamp="2024-04-04T08:51:03 IST" skipped="0">
  <testcase classname="mar13.ValidateUrl" name="validateUrl" time="9.995"/>
  <system-out>
    <![CDATA[Url is Local::https://        http://primusbank.qedgetech.com/]]>
  </system-out>
</testsuite> <!-- mar13.ValidateUrl -->
