<?xml version="1.0" encoding="UTF-8"?>
<!-- Generated by org.testng.reporters.JUnitReportReporter -->
<testsuite hostname="DESKTOP-T6KLQOF" failures="0" tests="1" name="mar13.Verify_Title" time="11.018" errors="0" timestamp="2024-04-04T08:51:03 IST" skipped="0">
  <testcase classname="mar13.Verify_Title" name="CheckTitle" time="11.018"/>
  <system-out>
    <![CDATA[Title is Matching::google        Google]]>
  </system-out>
</testsuite> <!-- mar13.Verify_Title -->
